<?xml version="1.0" encoding="UTF-8"?>
<testng-results ignored="0" total="1" passed="1" failed="0" skipped="0">
  <reporter-output>
  </reporter-output>
  <suite started-at="2021-06-26T12:51:11 IST" name="Default suite" finished-at="2021-06-26T12:54:10 IST" duration-ms="179502">
    <groups>
      <group name="cucumber">
        <method signature="AbstractTestNGCucumberTests.runScenario(io.cucumber.testng.PickleWrapper, io.cucumber.testng.FeatureWrapper)[pri:0, instance:com.example.TestRunner@7671cb68]" name="runScenario" class="io.cucumber.testng.AbstractTestNGCucumberTests"/>
      </group> <!-- cucumber -->
    </groups>
    <test started-at="2021-06-26T12:51:11 IST" name="Default test" finished-at="2021-06-26T12:54:10 IST" duration-ms="179502">
      <class name="com.example.TestRunner">
        <test-method is-config="true" signature="setUpClass()[pri:0, instance:com.example.TestRunner@7671cb68]" started-at="2021-06-26T12:51:11 IST" name="setUpClass" finished-at="2021-06-26T12:51:12 IST" duration-ms="1113" status="PASS">
          <reporter-output>
          </reporter-output>
        </test-method> <!-- setUpClass -->
        <test-method signature="runScenario(io.cucumber.testng.PickleWrapper, io.cucumber.testng.FeatureWrapper)[pri:0, instance:com.example.TestRunner@7671cb68]" started-at="2021-06-26T12:51:12 IST" name="runScenario" description="Runs Cucumber Scenarios" data-provider="scenarios" finished-at="2021-06-26T12:54:07 IST" duration-ms="174709" status="PASS">
          <params>
            <param index="0">
              <value>
                <![CDATA["Web Application - Buying Compressor product 10T46 from lennox online Website"]]>
              </value>
            </param>
            <param index="1">
              <value>
                <![CDATA["Optional[Buying product 10T46 from Lennox site]"]]>
              </value>
            </param>
          </params>
          <reporter-output>
          </reporter-output>
        </test-method> <!-- runScenario -->
        <test-method is-config="true" signature="tearDownClass()[pri:0, instance:com.example.TestRunner@7671cb68]" started-at="2021-06-26T12:54:07 IST" name="tearDownClass" finished-at="2021-06-26T12:54:10 IST" duration-ms="3585" status="PASS">
          <reporter-output>
          </reporter-output>
        </test-method> <!-- tearDownClass -->
      </class> <!-- com.example.TestRunner -->
    </test> <!-- Default test -->
  </suite> <!-- Default suite -->
</testng-results>
